
2017-03-17 15:31:17
[ERROR]-[Thread: main]-[com.alibaba.druid.pool.DruidDataSource.init()]: dataSource init error
java.sql.SQLException: oracle.jdbc.driver.OracleDriver
	at com.alibaba.druid.util.JdbcUtils.createDriver(JdbcUtils.java:510)
	at com.alibaba.druid.pool.DruidDataSource.init(DruidDataSource.java:563)
	at com.alibaba.druid.pool.DruidDataSource.getConnection(DruidDataSource.java:876)
	at com.alibaba.druid.pool.DruidDataSource.getConnection(DruidDataSource.java:872)
	at com.alibaba.druid.pool.DruidDataSource.getConnection(DruidDataSource.java:97)
	at com.jfinal.plugin.activerecord.generator.MetaBuilder.build(MetaBuilder.java:90)
	at com.jfinal.plugin.activerecord.generator.Generator.generate(Generator.java:217)
	at com.lanccj.model._JFinalGenerator.main(_JFinalGenerator.java:49)
	at sun.reflect.NativeMethodAccessorImpl.invoke0(Native Method)
	at sun.reflect.NativeMethodAccessorImpl.invoke(NativeMethodAccessorImpl.java:62)
	at sun.reflect.DelegatingMethodAccessorImpl.invoke(DelegatingMethodAccessorImpl.java:43)
	at java.lang.reflect.Method.invoke(Method.java:498)
	at com.intellij.rt.execution.application.AppMain.main(AppMain.java:147)
Caused by: java.lang.ClassNotFoundException: oracle.jdbc.driver.OracleDriver
	at java.net.URLClassLoader.findClass(URLClassLoader.java:381)
	at java.lang.ClassLoader.loadClass(ClassLoader.java:424)
	at sun.misc.Launcher$AppClassLoader.loadClass(Launcher.java:331)
	at java.lang.ClassLoader.loadClass(ClassLoader.java:357)
	at java.lang.Class.forName0(Native Method)
	at java.lang.Class.forName(Class.java:264)
	at com.alibaba.druid.util.JdbcUtils.createDriver(JdbcUtils.java:508)
	... 12 more

2017-03-17 15:35:18
[ERROR]-[Thread: main]-[com.alibaba.druid.pool.DruidDataSource.oracleValidationQueryCheck()]: invalid oracle validationQuery. select 1, may should be : select 1 FROM DUAL

2017-03-17 15:38:30
[ERROR]-[Thread: main]-[com.alibaba.druid.pool.DruidDataSource.oracleValidationQueryCheck()]: invalid oracle validationQuery. select 1, may should be : select 1 FROM DUAL
